14:06:17.741 [main] INFO  api.test.UserTest - ***setId ***
14:06:17.974 [main] INFO  api.test.UserTest - ***setUserName ***
14:06:17.975 [main] INFO  api.test.UserTest - ***setFirstName ***
14:06:17.975 [main] INFO  api.test.UserTest - ***setLastName ***
14:06:18.042 [main] INFO  api.test.UserTest - ***setEmailAddress ***
14:06:18.043 [main] INFO  api.test.UserTest - ***setPassword ***
14:06:18.058 [main] INFO  api.test.UserTest - ***setPhoneNumber ***
14:12:43.298 [main] INFO  api.test.UserTest - ***setId ***
14:12:43.517 [main] INFO  api.test.UserTest - ***setUserName ***
14:12:43.519 [main] INFO  api.test.UserTest - ***setFirstName ***
14:12:43.519 [main] INFO  api.test.UserTest - ***setLastName ***
14:12:43.582 [main] INFO  api.test.UserTest - ***setEmailAddress ***
14:12:43.582 [main] INFO  api.test.UserTest - ***setPassword ***
14:12:43.590 [main] INFO  api.test.UserTest - ***setPhoneNumber ***
14:13:50.287 [main] INFO  api.test.UserTest - ***setId ***
14:13:50.496 [main] INFO  api.test.UserTest - ***setUserName ***
14:13:50.497 [main] INFO  api.test.UserTest - ***setFirstName ***
14:13:50.497 [main] INFO  api.test.UserTest - ***setLastName ***
14:13:50.550 [main] INFO  api.test.UserTest - ***setEmailAddress ***
14:13:50.550 [main] INFO  api.test.UserTest - ***setPassword ***
14:13:50.558 [main] INFO  api.test.UserTest - ***setPhoneNumber ***
14:22:38.386 [main] INFO  api.test.UserTest - ***setId ***
14:22:38.691 [main] INFO  api.test.UserTest - ***setUserName ***
14:22:38.694 [main] INFO  api.test.UserTest - ***setFirstName ***
14:22:38.694 [main] INFO  api.test.UserTest - ***setLastName ***
14:22:38.788 [main] INFO  api.test.UserTest - ***setEmailAddress ***
14:22:38.789 [main] INFO  api.test.UserTest - ***setPassword ***
14:22:38.801 [main] INFO  api.test.UserTest - ***setPhoneNumber ***
14:22:46.383 [main] INFO  api.test.UserTest - ***setFirstName ***
14:22:46.384 [main] INFO  api.test.UserTest - ***setLastName ***
14:26:08.989 [main] INFO  api.test.UserTest - ***setId ***
14:26:09.225 [main] INFO  api.test.UserTest - ***setUserName ***
14:26:09.226 [main] INFO  api.test.UserTest - ***setFirstName ***
14:26:09.226 [main] INFO  api.test.UserTest - ***setLastName ***
14:26:09.277 [main] INFO  api.test.UserTest - ***setEmailAddress ***
14:26:09.278 [main] INFO  api.test.UserTest - ***setPassword ***
14:26:09.286 [main] INFO  api.test.UserTest - ***setPhoneNumber ***
14:26:14.817 [main] INFO  api.test.UserTest - ***setFirstName ***
14:26:14.818 [main] INFO  api.test.UserTest - ***setLastName ***
14:27:08.729 [main] INFO  api.test.UserTest - ***setId ***
14:27:08.961 [main] INFO  api.test.UserTest - ***setUserName ***
14:27:08.962 [main] INFO  api.test.UserTest - ***setFirstName ***
14:27:08.963 [main] INFO  api.test.UserTest - ***setLastName ***
14:27:09.029 [main] INFO  api.test.UserTest - ***setEmailAddress ***
14:27:09.029 [main] INFO  api.test.UserTest - ***setPassword ***
14:27:09.038 [main] INFO  api.test.UserTest - ***setPhoneNumber ***
14:27:14.268 [main] INFO  api.test.UserTest - ***setFirstName ***
14:27:14.269 [main] INFO  api.test.UserTest - ***setLastName ***
14:58:19.049 [main] INFO  api.test.UserTest - ***setId ***
14:58:19.262 [main] INFO  api.test.UserTest - ***setUserName ***
14:58:19.263 [main] INFO  api.test.UserTest - ***setFirstName ***
14:58:19.263 [main] INFO  api.test.UserTest - ***setLastName ***
14:58:19.315 [main] INFO  api.test.UserTest - ***setEmailAddress ***
14:58:19.315 [main] INFO  api.test.UserTest - ***setPassword ***
14:58:19.323 [main] INFO  api.test.UserTest - ***setPhoneNumber ***
14:58:24.759 [main] INFO  api.test.UserTest - ***setFirstName ***
14:58:24.759 [main] INFO  api.test.UserTest - ***setLastName ***
15:06:44.759 [main] INFO  api.test.UserTest - ***setId ***
15:06:45.039 [main] INFO  api.test.UserTest - ***setUserName ***
15:06:45.041 [main] INFO  api.test.UserTest - ***setFirstName ***
15:06:45.042 [main] INFO  api.test.UserTest - ***setLastName ***
15:06:45.120 [main] INFO  api.test.UserTest - ***setEmailAddress ***
15:06:45.124 [main] INFO  api.test.UserTest - ***setPassword ***
15:06:45.138 [main] INFO  api.test.UserTest - ***setPhoneNumber ***
15:06:51.841 [main] INFO  api.test.UserTest - ***setFirstName ***
15:06:51.841 [main] INFO  api.test.UserTest - ***setLastName ***
14:00:57.787 [main] INFO  api.test.UserTest - ***setId ***
14:00:58.042 [main] INFO  api.test.UserTest - ***setUserName ***
14:00:58.058 [main] INFO  api.test.UserTest - ***setFirstName ***
14:00:58.058 [main] INFO  api.test.UserTest - ***setLastName ***
14:00:58.121 [main] INFO  api.test.UserTest - ***setEmailAddress ***
14:00:58.121 [main] INFO  api.test.UserTest - ***setPassword ***
14:00:58.121 [main] INFO  api.test.UserTest - ***setPhoneNumber ***
14:01:03.912 [main] INFO  api.test.UserTest - ***setFirstName ***
14:01:03.912 [main] INFO  api.test.UserTest - ***setLastName ***
14:26:56.211 [main] INFO  api.test.UserTest - ***setId ***
14:26:56.422 [main] INFO  api.test.UserTest - ***setUserName ***
14:26:56.422 [main] INFO  api.test.UserTest - ***setFirstName ***
14:26:56.422 [main] INFO  api.test.UserTest - ***setLastName ***
14:26:56.485 [main] INFO  api.test.UserTest - ***setEmailAddress ***
14:26:56.485 [main] INFO  api.test.UserTest - ***setPassword ***
14:26:56.485 [main] INFO  api.test.UserTest - ***setPhoneNumber ***
14:27:01.566 [main] INFO  api.test.UserTest - ***setFirstName ***
14:27:01.566 [main] INFO  api.test.UserTest - ***setLastName ***
12:09:08.387 [main] INFO  api.test.UserTest - ***setId ***
12:09:08.646 [main] INFO  api.test.UserTest - ***setUserName ***
12:09:08.646 [main] INFO  api.test.UserTest - ***setFirstName ***
12:09:08.646 [main] INFO  api.test.UserTest - ***setLastName ***
12:09:08.724 [main] INFO  api.test.UserTest - ***setEmailAddress ***
12:09:08.724 [main] INFO  api.test.UserTest - ***setPassword ***
12:09:08.724 [main] INFO  api.test.UserTest - ***setPhoneNumber ***
12:09:14.922 [main] INFO  api.test.UserTest - ***setFirstName ***
12:09:14.922 [main] INFO  api.test.UserTest - ***setLastName ***
11:58:17.949 [main] INFO  api.test.UserTest - ***setId ***
11:58:18.266 [main] INFO  api.test.UserTest - ***setUserName ***
11:58:18.266 [main] INFO  api.test.UserTest - ***setFirstName ***
11:58:18.266 [main] INFO  api.test.UserTest - ***setLastName ***
11:58:18.375 [main] INFO  api.test.UserTest - ***setEmailAddress ***
11:58:18.375 [main] INFO  api.test.UserTest - ***setPassword ***
11:58:18.406 [main] INFO  api.test.UserTest - ***setPhoneNumber ***
11:58:25.006 [main] INFO  api.test.UserTest - ***setFirstName ***
11:58:25.006 [main] INFO  api.test.UserTest - ***setLastName ***
12:13:29.327 [main] INFO  api.test.UserTest - ***setId ***
12:13:29.554 [main] INFO  api.test.UserTest - ***setUserName ***
12:13:29.554 [main] INFO  api.test.UserTest - ***setFirstName ***
12:13:29.554 [main] INFO  api.test.UserTest - ***setLastName ***
12:13:29.632 [main] INFO  api.test.UserTest - ***setEmailAddress ***
12:13:29.632 [main] INFO  api.test.UserTest - ***setPassword ***
12:13:29.632 [main] INFO  api.test.UserTest - ***setPhoneNumber ***
12:13:36.264 [main] INFO  api.test.UserTest - ***setFirstName ***
12:13:36.264 [main] INFO  api.test.UserTest - ***setLastName ***
12:27:21.969 [main] INFO  api.test.UserTest - ***setId ***
12:27:22.175 [main] INFO  api.test.UserTest - ***setUserName ***
12:27:22.175 [main] INFO  api.test.UserTest - ***setFirstName ***
12:27:22.175 [main] INFO  api.test.UserTest - ***setLastName ***
12:27:22.237 [main] INFO  api.test.UserTest - ***setEmailAddress ***
12:27:22.237 [main] INFO  api.test.UserTest - ***setPassword ***
12:27:22.253 [main] INFO  api.test.UserTest - ***setPhoneNumber ***
12:27:27.045 [main] INFO  api.test.UserTest - ***setFirstName ***
12:27:27.045 [main] INFO  api.test.UserTest - ***setLastName ***
12:28:26.531 [main] INFO  api.test.UserTest - ***setId ***
12:28:26.742 [main] INFO  api.test.UserTest - ***setUserName ***
12:28:26.742 [main] INFO  api.test.UserTest - ***setFirstName ***
12:28:26.742 [main] INFO  api.test.UserTest - ***setLastName ***
12:28:26.820 [main] INFO  api.test.UserTest - ***setEmailAddress ***
12:28:26.820 [main] INFO  api.test.UserTest - ***setPassword ***
12:28:26.835 [main] INFO  api.test.UserTest - ***setPhoneNumber ***
12:28:32.198 [main] INFO  api.test.UserTest - ***setFirstName ***
12:28:32.198 [main] INFO  api.test.UserTest - ***setLastName ***
10:50:21.134 [main] INFO  api.test.UserTest - ***setId ***
10:50:21.360 [main] INFO  api.test.UserTest - ***setUserName ***
10:50:21.360 [main] INFO  api.test.UserTest - ***setFirstName ***
10:50:21.360 [main] INFO  api.test.UserTest - ***setLastName ***
10:50:21.407 [main] INFO  api.test.UserTest - ***setEmailAddress ***
10:50:21.407 [main] INFO  api.test.UserTest - ***setPassword ***
10:50:21.423 [main] INFO  api.test.UserTest - ***setPhoneNumber ***
06:46:18.049 [main] INFO  api.test.UserTest - ***setId ***
06:46:18.286 [main] INFO  api.test.UserTest - ***setUserName ***
06:46:18.286 [main] INFO  api.test.UserTest - ***setFirstName ***
06:46:18.287 [main] INFO  api.test.UserTest - ***setLastName ***
06:46:18.342 [main] INFO  api.test.UserTest - ***setEmailAddress ***
06:46:18.342 [main] INFO  api.test.UserTest - ***setPassword ***
06:46:18.349 [main] INFO  api.test.UserTest - ***setPhoneNumber ***
06:46:24.418 [main] INFO  api.test.UserTest - ***setFirstName ***
06:46:24.419 [main] INFO  api.test.UserTest - ***setLastName ***
07:02:40.164 [main] INFO  api.test.UserTest - ***setId ***
07:02:40.370 [main] INFO  api.test.UserTest - ***setUserName ***
07:02:40.371 [main] INFO  api.test.UserTest - ***setFirstName ***
07:02:40.371 [main] INFO  api.test.UserTest - ***setLastName ***
07:02:40.410 [main] INFO  api.test.UserTest - ***setEmailAddress ***
07:02:40.410 [main] INFO  api.test.UserTest - ***setPassword ***
07:02:40.416 [main] INFO  api.test.UserTest - ***setPhoneNumber ***
07:02:45.873 [main] INFO  api.test.UserTest - ***getUserName ***
07:02:45.885 [main] INFO  api.test.UserTest - ***setFirstName ***
07:02:45.886 [main] INFO  api.test.UserTest - ***setLastName ***
07:02:49.430 [main] INFO  api.test.UserTest - ***deletingUserName***
